<?xml version="1.0" encoding="UTF-8"?>
<!-- Generated by org.testng.reporters.JUnitXMLReporter -->
<testsuite hostname="DESKTOP-1IVA9MC" ignored="0" name="Default test" tests="3" failures="0" timestamp="2020-12-15T15:54:39 CAT" time="132.048" errors="0">
  <testcase name="singleDeposit" time="0.996" classname="bankingapp.BankingTests"/>
  <testcase name="multiDeposits" time="2.449" classname="bankingapp.BankingTests"/>
  <testcase name="depositAndWithdraw" time="114.977" classname="bankingapp.BankingTests"/>
</testsuite> <!-- Default test -->
