<?xml version="1.0" encoding="UTF-8"?>
<!-- Generated by org.testng.reporters.JUnitReportReporter -->
<testsuite skipped="2" hostname="DESKTOP-1IVA9MC" name="bankingapp.Withdrawal" tests="3" failures="0" timestamp="2020-12-14T22:41:10 CAT" time="0.021" errors="1">
  <testcase name="beforeTest" time="0.021" classname="bankingapp.Withdrawal">
    <error type="java.lang.StackOverflowError">
      <![CDATA[java.lang.StackOverflowError
at bankingapp.Withdrawal.beforeTest(Withdrawal.java:15)
at bankingapp.Withdrawal.beforeTest(Withdrawal.java:15)
at bankingapp.Withdrawal.beforeTest(Withdrawal.java:15)
at bankingapp.Withdrawal.beforeTest(Withdrawal.java:15)
at bankingapp.Withdrawal.beforeTest(Withdrawal.java:15)
at bankingapp.Withdrawal.beforeTest(Withdrawal.java:15)
at bankingapp.Withdrawal.beforeTest(Withdrawal.java:15)
at bankingapp.Withdrawal.beforeTest(Withdrawal.java:15)
at bankingapp.Withdrawal.beforeTest(Withdrawal.java:15)
at bankingapp.Withdrawal.beforeTest(Withdrawal.java:15)
at bankingapp.Withdrawal.beforeTest(Withdrawal.java:15)
at bankingapp.Withdrawal.beforeTest(Withdrawal.java:15)
at bankingapp.Withdrawal.beforeTest(Withdrawal.java:15)
at bankingapp.Withdrawal.beforeTest(Withdrawal.java:15)
at bankingapp.Withdrawal.beforeTest(Withdrawal.java:15)
at bankingapp.Withdrawal.beforeTest(Withdrawal.java:15)
at bankingapp.Withdrawal.beforeTest(Withdrawal.java:15)
at bankingapp.Withdrawal.beforeTest(Withdrawal.java:15)
at bankingapp.Withdrawal.beforeTest(Withdrawal.java:15)
at bankingapp.Withdrawal.beforeTest(Withdrawal.java:15)
at bankingapp.Withdrawal.beforeTest(Withdrawal.java:15)
at bankingapp.Withdrawal.beforeTest(Withdrawal.java:15)
at bankingapp.Withdrawal.beforeTest(Withdrawal.java:15)
at bankingapp.Withdrawal.beforeTest(Withdrawal.java:15)
at bankingapp.Withdrawal.beforeTest(Withdrawal.java:15)
at bankingapp.Withdrawal.beforeTest(Withdrawal.java:15)
at bankingapp.Withdrawal.beforeTest(Withdrawal.java:15)
at bankingapp.Withdrawal.beforeTest(Withdrawal.java:15)
at bankingapp.Withdrawal.beforeTest(Withdrawal.java:15)
at bankingapp.Withdrawal.beforeTest(Withdrawal.java:15)
at bankingapp.Withdrawal.beforeTest(Withdrawal.java:15)
at bankingapp.Withdrawal.beforeTest(Withdrawal.java:15)
at bankingapp.Withdrawal.beforeTest(Withdrawal.java:15)
at bankingapp.Withdrawal.beforeTest(Withdrawal.java:15)
at bankingapp.Withdrawal.beforeTest(Withdrawal.java:15)
at bankingapp.Withdrawal.beforeTest(Withdrawal.java:15)
at bankingapp.Withdrawal.beforeTest(Withdrawal.java:15)
at bankingapp.Withdrawal.beforeTest(Withdrawal.java:15)
at bankingapp.Withdrawal.beforeTest(Withdrawal.java:15)
at bankingapp.Withdrawal.beforeTest(Withdrawal.java:15)
at bankingapp.Withdrawal.beforeTest(Withdrawal.java:15)
at bankingapp.Withdrawal.beforeTest(Withdrawal.java:15)
at bankingapp.Withdrawal.beforeTest(Withdrawal.java:15)
at bankingapp.Withdrawal.beforeTest(Withdrawal.java:15)
at bankingapp.Withdrawal.beforeTest(Withdrawal.java:15)
at bankingapp.Withdrawal.beforeTest(Withdrawal.java:15)
at bankingapp.Withdrawal.beforeTest(Withdrawal.java:15)
at bankingapp.Withdrawal.beforeTest(Withdrawal.java:15)
at bankingapp.Withdrawal.beforeTest(Withdrawal.java:15)
at bankingapp.Withdrawal.beforeTest(Withdrawal.java:15)
at bankingapp.Withdrawal.beforeTest(Withdrawal.java:15)
at bankingapp.Withdrawal.beforeTest(Withdrawal.java:15)
at bankingapp.Withdrawal.beforeTest(Withdrawal.java:15)
at bankingapp.Withdrawal.beforeTest(Withdrawal.java:15)
at bankingapp.Withdrawal.beforeTest(Withdrawal.java:15)
at bankingapp.Withdrawal.beforeTest(Withdrawal.java:15)
at bankingapp.Withdrawal.beforeTest(Withdrawal.java:15)
at bankingapp.Withdrawal.beforeTest(Withdrawal.java:15)
at bankingapp.Withdrawal.beforeTest(Withdrawal.java:15)
at bankingapp.Withdrawal.beforeTest(Withdrawal.java:15)
at bankingapp.Withdrawal.beforeTest(Withdrawal.java:15)
at bankingapp.Withdrawal.beforeTest(Withdrawal.java:15)
at bankingapp.Withdrawal.beforeTest(Withdrawal.java:15)
at bankingapp.Withdrawal.beforeTest(Withdrawal.java:15)
at bankingapp.Withdrawal.beforeTest(Withdrawal.java:15)
at bankingapp.Withdrawal.beforeTest(Withdrawal.java:15)
at bankingapp.Withdrawal.beforeTest(Withdrawal.java:15)
at bankingapp.Withdrawal.beforeTest(Withdrawal.java:15)
at bankingapp.Withdrawal.beforeTest(Withdrawal.java:15)
at bankingapp.Withdrawal.beforeTest(Withdrawal.java:15)
at bankingapp.Withdrawal.beforeTest(Withdrawal.java:15)
at bankingapp.Withdrawal.beforeTest(Withdrawal.java:15)
at bankingapp.Withdrawal.beforeTest(Withdrawal.java:15)
at bankingapp.Withdrawal.beforeTest(Withdrawal.java:15)
at bankingapp.Withdrawal.beforeTest(Withdrawal.java:15)
at bankingapp.Withdrawal.beforeTest(Withdrawal.java:15)
at bankingapp.Withdrawal.beforeTest(Withdrawal.java:15)
at bankingapp.Withdrawal.beforeTest(Withdrawal.java:15)
at bankingapp.Withdrawal.beforeTest(Withdrawal.java:15)
at bankingapp.Withdrawal.beforeTest(Withdrawal.java:15)
at bankingapp.Withdrawal.beforeTest(Withdrawal.java:15)
at bankingapp.Withdrawal.beforeTest(Withdrawal.java:15)
at bankingapp.Withdrawal.beforeTest(Withdrawal.java:15)
at bankingapp.Withdrawal.beforeTest(Withdrawal.java:15)
at bankingapp.Withdrawal.beforeTest(Withdrawal.java:15)
at bankingapp.Withdrawal.beforeTest(Withdrawal.java:15)
at bankingapp.Withdrawal.beforeTest(Withdrawal.java:15)
at bankingapp.Withdrawal.beforeTest(Withdrawal.java:15)
at bankingapp.Withdrawal.beforeTest(Withdrawal.java:15)
at bankingapp.Withdrawal.beforeTest(Withdrawal.java:15)
at bankingapp.Withdrawal.beforeTest(Withdrawal.java:15)
at bankingapp.Withdrawal.beforeTest(Withdrawal.java:15)
at bankingapp.Withdrawal.beforeTest(Withdrawal.java:15)
at bankingapp.Withdrawal.beforeTest(Withdrawal.java:15)
at bankingapp.Withdrawal.beforeTest(Withdrawal.java:15)
at bankingapp.Withdrawal.beforeTest(Withdrawal.java:15)
at bankingapp.Withdrawal.beforeTest(Withdrawal.java:15)
at bankingapp.Withdrawal.beforeTest(Withdrawal.java:15)
at bankingapp.Withdrawal.beforeTest(Withdrawal.java:15)
at bankingapp.Withdrawal.beforeTest(Withdrawal.java:15)
at bankingapp.Withdrawal.beforeTest(Withdrawal.java:15)
at bankingapp.Withdrawal.beforeTest(Withdrawal.java:15)
at bankingapp.Withdrawal.beforeTest(Withdrawal.java:15)
at bankingapp.Withdrawal.beforeTest(Withdrawal.java:15)
at bankingapp.Withdrawal.beforeTest(Withdrawal.java:15)
at bankingapp.Withdrawal.beforeTest(Withdrawal.java:15)
at bankingapp.Withdrawal.beforeTest(Withdrawal.java:15)
at bankingapp.Withdrawal.beforeTest(Withdrawal.java:15)
at bankingapp.Withdrawal.beforeTest(Withdrawal.java:15)
at bankingapp.Withdrawal.beforeTest(Withdrawal.java:15)
at bankingapp.Withdrawal.beforeTest(Withdrawal.java:15)
at bankingapp.Withdrawal.beforeTest(Withdrawal.java:15)
at bankingapp.Withdrawal.beforeTest(Withdrawal.java:15)
at bankingapp.Withdrawal.beforeTest(Withdrawal.java:15)
at bankingapp.Withdrawal.beforeTest(Withdrawal.java:15)
at bankingapp.Withdrawal.beforeTest(Withdrawal.java:15)
at bankingapp.Withdrawal.beforeTest(Withdrawal.java:15)
at bankingapp.Withdrawal.beforeTest(Withdrawal.java:15)
at bankingapp.Withdrawal.beforeTest(Withdrawal.java:15)
at bankingapp.Withdrawal.beforeTest(Withdrawal.java:15)
at bankingapp.Withdrawal.beforeTest(Withdrawal.java:15)
at bankingapp.Withdrawal.beforeTest(Withdrawal.java:15)
at bankingapp.Withdrawal.beforeTest(Withdrawal.java:15)
at bankingapp.Withdrawal.beforeTest(Withdrawal.java:15)
at bankingapp.Withdrawal.beforeTest(Withdrawal.java:15)
at bankingapp.Withdrawal.beforeTest(Withdrawal.java:15)
at bankingapp.Withdrawal.beforeTest(Withdrawal.java:15)
at bankingapp.Withdrawal.beforeTest(Withdrawal.java:15)
at bankingapp.Withdrawal.beforeTest(Withdrawal.java:15)
at bankingapp.Withdrawal.beforeTest(Withdrawal.java:15)
at bankingapp.Withdrawal.beforeTest(Withdrawal.java:15)
at bankingapp.Withdrawal.beforeTest(Withdrawal.java:15)
at bankingapp.Withdrawal.beforeTest(Withdrawal.java:15)
at bankingapp.Withdrawal.beforeTest(Withdrawal.java:15)
at bankingapp.Withdrawal.beforeTest(Withdrawal.java:15)
at bankingapp.Withdrawal.beforeTest(Withdrawal.java:15)
at bankingapp.Withdrawal.beforeTest(Withdrawal.java:15)
at bankingapp.Withdrawal.beforeTest(Withdrawal.java:15)
at bankingapp.Withdrawal.beforeTest(Withdrawal.java:15)
at bankingapp.Withdrawal.beforeTest(Withdrawal.java:15)
at bankingapp.Withdrawal.beforeTest(Withdrawal.java:15)
at bankingapp.Withdrawal.beforeTest(Withdrawal.java:15)
at bankingapp.Withdrawal.beforeTest(Withdrawal.java:15)
at bankingapp.Withdrawal.beforeTest(Withdrawal.java:15)
at bankingapp.Withdrawal.beforeTest(Withdrawal.java:15)
at bankingapp.Withdrawal.beforeTest(Withdrawal.java:15)
at bankingapp.Withdrawal.beforeTest(Withdrawal.java:15)
at bankingapp.Withdrawal.beforeTest(Withdrawal.java:15)
at bankingapp.Withdrawal.beforeTest(Withdrawal.java:15)
at bankingapp.Withdrawal.beforeTest(Withdrawal.java:15)
at bankingapp.Withdrawal.beforeTest(Withdrawal.java:15)
at bankingapp.Withdrawal.beforeTest(Withdrawal.java:15)
at bankingapp.Withdrawal.beforeTest(Withdrawal.java:15)
at bankingapp.Withdrawal.beforeTest(Withdrawal.java:15)
at bankingapp.Withdrawal.beforeTest(Withdrawal.java:15)
at bankingapp.Withdrawal.beforeTest(Withdrawal.java:15)
at bankingapp.Withdrawal.beforeTest(Withdrawal.java:15)
at bankingapp.Withdrawal.beforeTest(Withdrawal.java:15)
at bankingapp.Withdrawal.beforeTest(Withdrawal.java:15)
at bankingapp.Withdrawal.beforeTest(Withdrawal.java:15)
at bankingapp.Withdrawal.beforeTest(Withdrawal.java:15)
at bankingapp.Withdrawal.beforeTest(Withdrawal.java:15)
at bankingapp.Withdrawal.beforeTest(Withdrawal.java:15)
at bankingapp.Withdrawal.beforeTest(Withdrawal.java:15)
at bankingapp.Withdrawal.beforeTest(Withdrawal.java:15)
at bankingapp.Withdrawal.beforeTest(Withdrawal.java:15)
at bankingapp.Withdrawal.beforeTest(Withdrawal.java:15)
at bankingapp.Withdrawal.beforeTest(Withdrawal.java:15)
at bankingapp.Withdrawal.beforeTest(Withdrawal.java:15)
at bankingapp.Withdrawal.beforeTest(Withdrawal.java:15)
at bankingapp.Withdrawal.beforeTest(Withdrawal.java:15)
at bankingapp.Withdrawal.beforeTest(Withdrawal.java:15)
at bankingapp.Withdrawal.beforeTest(Withdrawal.java:15)
at bankingapp.Withdrawal.beforeTest(Withdrawal.java:15)
at bankingapp.Withdrawal.beforeTest(Withdrawal.java:15)
at bankingapp.Withdrawal.beforeTest(Withdrawal.java:15)
at bankingapp.Withdrawal.beforeTest(Withdrawal.java:15)
at bankingapp.Withdrawal.beforeTest(Withdrawal.java:15)
at bankingapp.Withdrawal.beforeTest(Withdrawal.java:15)
at bankingapp.Withdrawal.beforeTest(Withdrawal.java:15)
at bankingapp.Withdrawal.beforeTest(Withdrawal.java:15)
at bankingapp.Withdrawal.beforeTest(Withdrawal.java:15)
at bankingapp.Withdrawal.beforeTest(Withdrawal.java:15)
at bankingapp.Withdrawal.beforeTest(Withdrawal.java:15)
at bankingapp.Withdrawal.beforeTest(Withdrawal.java:15)
at bankingapp.Withdrawal.beforeTest(Withdrawal.java:15)
at bankingapp.Withdrawal.beforeTest(Withdrawal.java:15)
at bankingapp.Withdrawal.beforeTest(Withdrawal.java:15)
at bankingapp.Withdrawal.beforeTest(Withdrawal.java:15)
at bankingapp.Withdrawal.beforeTest(Withdrawal.java:15)
at bankingapp.Withdrawal.beforeTest(Withdrawal.java:15)
at bankingapp.Withdrawal.beforeTest(Withdrawal.java:15)
at bankingapp.Withdrawal.beforeTest(Withdrawal.java:15)
at bankingapp.Withdrawal.beforeTest(Withdrawal.java:15)
at bankingapp.Withdrawal.beforeTest(Withdrawal.java:15)
at bankingapp.Withdrawal.beforeTest(Withdrawal.java:15)
at bankingapp.Withdrawal.beforeTest(Withdrawal.java:15)
at bankingapp.Withdrawal.beforeTest(Withdrawal.java:15)
at bankingapp.Withdrawal.beforeTest(Withdrawal.java:15)
at bankingapp.Withdrawal.beforeTest(Withdrawal.java:15)
at bankingapp.Withdrawal.beforeTest(Withdrawal.java:15)
at bankingapp.Withdrawal.beforeTest(Withdrawal.java:15)
at bankingapp.Withdrawal.beforeTest(Withdrawal.java:15)
at bankingapp.Withdrawal.beforeTest(Withdrawal.java:15)
at bankingapp.Withdrawal.beforeTest(Withdrawal.java:15)
at bankingapp.Withdrawal.beforeTest(Withdrawal.java:15)
at bankingapp.Withdrawal.beforeTest(Withdrawal.java:15)
at bankingapp.Withdrawal.beforeTest(Withdrawal.java:15)
at bankingapp.Withdrawal.beforeTest(Withdrawal.java:15)
at bankingapp.Withdrawal.beforeTest(Withdrawal.java:15)
at bankingapp.Withdrawal.beforeTest(Withdrawal.java:15)
at bankingapp.Withdrawal.beforeTest(Withdrawal.java:15)
at bankingapp.Withdrawal.beforeTest(Withdrawal.java:15)
at bankingapp.Withdrawal.beforeTest(Withdrawal.java:15)
at bankingapp.Withdrawal.beforeTest(Withdrawal.java:15)
at bankingapp.Withdrawal.beforeTest(Withdrawal.java:15)
at bankingapp.Withdrawal.beforeTest(Withdrawal.java:15)
at bankingapp.Withdrawal.beforeTest(Withdrawal.java:15)
at bankingapp.Withdrawal.beforeTest(Withdrawal.java:15)
at bankingapp.Withdrawal.beforeTest(Withdrawal.java:15)
at bankingapp.Withdrawal.beforeTest(Withdrawal.java:15)
at bankingapp.Withdrawal.beforeTest(Withdrawal.java:15)
at bankingapp.Withdrawal.beforeTest(Withdrawal.java:15)
at bankingapp.Withdrawal.beforeTest(Withdrawal.java:15)
at bankingapp.Withdrawal.beforeTest(Withdrawal.java:15)
at bankingapp.Withdrawal.beforeTest(Withdrawal.java:15)
at bankingapp.Withdrawal.beforeTest(Withdrawal.java:15)
at bankingapp.Withdrawal.beforeTest(Withdrawal.java:15)
at bankingapp.Withdrawal.beforeTest(Withdrawal.java:15)
at bankingapp.Withdrawal.beforeTest(Withdrawal.java:15)
at bankingapp.Withdrawal.beforeTest(Withdrawal.java:15)
at bankingapp.Withdrawal.beforeTest(Withdrawal.java:15)
at bankingapp.Withdrawal.beforeTest(Withdrawal.java:15)
at bankingapp.Withdrawal.beforeTest(Withdrawal.java:15)
at bankingapp.Withdrawal.beforeTest(Withdrawal.java:15)
at bankingapp.Withdrawal.beforeTest(Withdrawal.java:15)
at bankingapp.Withdrawal.beforeTest(Withdrawal.java:15)
at bankingapp.Withdrawal.beforeTest(Withdrawal.java:15)
at bankingapp.Withdrawal.beforeTest(Withdrawal.java:15)
at bankingapp.Withdrawal.beforeTest(Withdrawal.java:15)
at bankingapp.Withdrawal.beforeTest(Withdrawal.java:15)
at bankingapp.Withdrawal.beforeTest(Withdrawal.java:15)
at bankingapp.Withdrawal.beforeTest(Withdrawal.java:15)
at bankingapp.Withdrawal.beforeTest(Withdrawal.java:15)
at bankingapp.Withdrawal.beforeTest(Withdrawal.java:15)
at bankingapp.Withdrawal.beforeTest(Withdrawal.java:15)
at bankingapp.Withdrawal.beforeTest(Withdrawal.java:15)
at bankingapp.Withdrawal.beforeTest(Withdrawal.java:15)
at bankingapp.Withdrawal.beforeTest(Withdrawal.java:15)
at bankingapp.Withdrawal.beforeTest(Withdrawal.java:15)
at bankingapp.Withdrawal.beforeTest(Withdrawal.java:15)
at bankingapp.Withdrawal.beforeTest(Withdrawal.java:15)
at bankingapp.Withdrawal.beforeTest(Withdrawal.java:15)
at bankingapp.Withdrawal.beforeTest(Withdrawal.java:15)
at bankingapp.Withdrawal.beforeTest(Withdrawal.java:15)
at bankingapp.Withdrawal.beforeTest(Withdrawal.java:15)
at bankingapp.Withdrawal.beforeTest(Withdrawal.java:15)
at bankingapp.Withdrawal.beforeTest(Withdrawal.java:15)
at bankingapp.Withdrawal.beforeTest(Withdrawal.java:15)
at bankingapp.Withdrawal.beforeTest(Withdrawal.java:15)
at bankingapp.Withdrawal.beforeTest(Withdrawal.java:15)
at bankingapp.Withdrawal.beforeTest(Withdrawal.java:15)
at bankingapp.Withdrawal.beforeTest(Withdrawal.java:15)
at bankingapp.Withdrawal.beforeTest(Withdrawal.java:15)
at bankingapp.Withdrawal.beforeTest(Withdrawal.java:15)
at bankingapp.Withdrawal.beforeTest(Withdrawal.java:15)
at bankingapp.Withdrawal.beforeTest(Withdrawal.java:15)
at bankingapp.Withdrawal.beforeTest(Withdrawal.java:15)
at bankingapp.Withdrawal.beforeTest(Withdrawal.java:15)
at bankingapp.Withdrawal.beforeTest(Withdrawal.java:15)
at bankingapp.Withdrawal.beforeTest(Withdrawal.java:15)
at bankingapp.Withdrawal.beforeTest(Withdrawal.java:15)
at bankingapp.Withdrawal.beforeTest(Withdrawal.java:15)
at bankingapp.Withdrawal.beforeTest(Withdrawal.java:15)
at bankingapp.Withdrawal.beforeTest(Withdrawal.java:15)
at bankingapp.Withdrawal.beforeTest(Withdrawal.java:15)
at bankingapp.Withdrawal.beforeTest(Withdrawal.java:15)
at bankingapp.Withdrawal.beforeTest(Withdrawal.java:15)
at bankingapp.Withdrawal.beforeTest(Withdrawal.java:15)
at bankingapp.Withdrawal.beforeTest(Withdrawal.java:15)
at bankingapp.Withdrawal.beforeTest(Withdrawal.java:15)
at bankingapp.Withdrawal.beforeTest(Withdrawal.java:15)
at bankingapp.Withdrawal.beforeTest(Withdrawal.java:15)
at bankingapp.Withdrawal.beforeTest(Withdrawal.java:15)
at bankingapp.Withdrawal.beforeTest(Withdrawal.java:15)
at bankingapp.Withdrawal.beforeTest(Withdrawal.java:15)
at bankingapp.Withdrawal.beforeTest(Withdrawal.java:15)
at bankingapp.Withdrawal.beforeTest(Withdrawal.java:15)
at bankingapp.Withdrawal.beforeTest(Withdrawal.java:15)
at bankingapp.Withdrawal.beforeTest(Withdrawal.java:15)
at bankingapp.Withdrawal.beforeTest(Withdrawal.java:15)
at bankingapp.Withdrawal.beforeTest(Withdrawal.java:15)
at bankingapp.Withdrawal.beforeTest(Withdrawal.java:15)
at bankingapp.Withdrawal.beforeTest(Withdrawal.java:15)
at bankingapp.Withdrawal.beforeTest(Withdrawal.java:15)
at bankingapp.Withdrawal.beforeTest(Withdrawal.java:15)
at bankingapp.Withdrawal.beforeTest(Withdrawal.java:15)
at bankingapp.Withdrawal.beforeTest(Withdrawal.java:15)
at bankingapp.Withdrawal.beforeTest(Withdrawal.java:15)
at bankingapp.Withdrawal.beforeTest(Withdrawal.java:15)
at bankingapp.Withdrawal.beforeTest(Withdrawal.java:15)
at bankingapp.Withdrawal.beforeTest(Withdrawal.java:15)
at bankingapp.Withdrawal.beforeTest(Withdrawal.java:15)
at bankingapp.Withdrawal.beforeTest(Withdrawal.java:15)
at bankingapp.Withdrawal.beforeTest(Withdrawal.java:15)
at bankingapp.Withdrawal.beforeTest(Withdrawal.java:15)
at bankingapp.Withdrawal.beforeTest(Withdrawal.java:15)
at bankingapp.Withdrawal.beforeTest(Withdrawal.java:15)
at bankingapp.Withdrawal.beforeTest(Withdrawal.java:15)
at bankingapp.Withdrawal.beforeTest(Withdrawal.java:15)
at bankingapp.Withdrawal.beforeTest(Withdrawal.java:15)
at bankingapp.Withdrawal.beforeTest(Withdrawal.java:15)
at bankingapp.Withdrawal.beforeTest(Withdrawal.java:15)
at bankingapp.Withdrawal.beforeTest(Withdrawal.java:15)
at bankingapp.Withdrawal.beforeTest(Withdrawal.java:15)
at bankingapp.Withdrawal.beforeTest(Withdrawal.java:15)
at bankingapp.Withdrawal.beforeTest(Withdrawal.java:15)
at bankingapp.Withdrawal.beforeTest(Withdrawal.java:15)
at bankingapp.Withdrawal.beforeTest(Withdrawal.java:15)
at bankingapp.Withdrawal.beforeTest(Withdrawal.java:15)
at bankingapp.Withdrawal.beforeTest(Withdrawal.java:15)
at bankingapp.Withdrawal.beforeTest(Withdrawal.java:15)
at bankingapp.Withdrawal.beforeTest(Withdrawal.java:15)
at bankingapp.Withdrawal.beforeTest(Withdrawal.java:15)
at bankingapp.Withdrawal.beforeTest(Withdrawal.java:15)
at bankingapp.Withdrawal.beforeTest(Withdrawal.java:15)
at bankingapp.Withdrawal.beforeTest(Withdrawal.java:15)
at bankingapp.Withdrawal.beforeTest(Withdrawal.java:15)
at bankingapp.Withdrawal.beforeTest(Withdrawal.java:15)
at bankingapp.Withdrawal.beforeTest(Withdrawal.java:15)
at bankingapp.Withdrawal.beforeTest(Withdrawal.java:15)
at bankingapp.Withdrawal.beforeTest(Withdrawal.java:15)
at bankingapp.Withdrawal.beforeTest(Withdrawal.java:15)
at bankingapp.Withdrawal.beforeTest(Withdrawal.java:15)
at bankingapp.Withdrawal.beforeTest(Withdrawal.java:15)
at bankingapp.Withdrawal.beforeTest(Withdrawal.java:15)
at bankingapp.Withdrawal.beforeTest(Withdrawal.java:15)
at bankingapp.Withdrawal.beforeTest(Withdrawal.java:15)
at bankingapp.Withdrawal.beforeTest(Withdrawal.java:15)
at bankingapp.Withdrawal.beforeTest(Withdrawal.java:15)
at bankingapp.Withdrawal.beforeTest(Withdrawal.java:15)
at bankingapp.Withdrawal.beforeTest(Withdrawal.java:15)
at bankingapp.Withdrawal.beforeTest(Withdrawal.java:15)
at bankingapp.Withdrawal.beforeTest(Withdrawal.java:15)
at bankingapp.Withdrawal.beforeTest(Withdrawal.java:15)
at bankingapp.Withdrawal.beforeTest(Withdrawal.java:15)
at bankingapp.Withdrawal.beforeTest(Withdrawal.java:15)
at bankingapp.Withdrawal.beforeTest(Withdrawal.java:15)
at bankingapp.Withdrawal.beforeTest(Withdrawal.java:15)
at bankingapp.Withdrawal.beforeTest(Withdrawal.java:15)
at bankingapp.Withdrawal.beforeTest(Withdrawal.java:15)
at bankingapp.Withdrawal.beforeTest(Withdrawal.java:15)
at bankingapp.Withdrawal.beforeTest(Withdrawal.java:15)
at bankingapp.Withdrawal.beforeTest(Withdrawal.java:15)
at bankingapp.Withdrawal.beforeTest(Withdrawal.java:15)
at bankingapp.Withdrawal.beforeTest(Withdrawal.java:15)
at bankingapp.Withdrawal.beforeTest(Withdrawal.java:15)
at bankingapp.Withdrawal.beforeTest(Withdrawal.java:15)
at bankingapp.Withdrawal.beforeTest(Withdrawal.java:15)
at bankingapp.Withdrawal.beforeTest(Withdrawal.java:15)
at bankingapp.Withdrawal.beforeTest(Withdrawal.java:15)
at bankingapp.Withdrawal.beforeTest(Withdrawal.java:15)
at bankingapp.Withdrawal.beforeTest(Withdrawal.java:15)
at bankingapp.Withdrawal.beforeTest(Withdrawal.java:15)
at bankingapp.Withdrawal.beforeTest(Withdrawal.java:15)
at bankingapp.Withdrawal.beforeTest(Withdrawal.java:15)
at bankingapp.Withdrawal.beforeTest(Withdrawal.java:15)
at bankingapp.Withdrawal.beforeTest(Withdrawal.java:15)
at bankingapp.Withdrawal.beforeTest(Withdrawal.java:15)
at bankingapp.Withdrawal.beforeTest(Withdrawal.java:15)
at bankingapp.Withdrawal.beforeTest(Withdrawal.java:15)
at bankingapp.Withdrawal.beforeTest(Withdrawal.java:15)
at bankingapp.Withdrawal.beforeTest(Withdrawal.java:15)
at bankingapp.Withdrawal.beforeTest(Withdrawal.java:15)
at bankingapp.Withdrawal.beforeTest(Withdrawal.java:15)
at bankingapp.Withdrawal.beforeTest(Withdrawal.java:15)
at bankingapp.Withdrawal.beforeTest(Withdrawal.java:15)
at bankingapp.Withdrawal.beforeTest(Withdrawal.java:15)
at bankingapp.Withdrawal.beforeTest(Withdrawal.java:15)
at bankingapp.Withdrawal.beforeTest(Withdrawal.java:15)
at bankingapp.Withdrawal.beforeTest(Withdrawal.java:15)
at bankingapp.Withdrawal.beforeTest(Withdrawal.java:15)
at bankingapp.Withdrawal.beforeTest(Withdrawal.java:15)
at bankingapp.Withdrawal.beforeTest(Withdrawal.java:15)
at bankingapp.Withdrawal.beforeTest(Withdrawal.java:15)
at bankingapp.Withdrawal.beforeTest(Withdrawal.java:15)
at bankingapp.Withdrawal.beforeTest(Withdrawal.java:15)
at bankingapp.Withdrawal.beforeTest(Withdrawal.java:15)
at bankingapp.Withdrawal.beforeTest(Withdrawal.java:15)
at bankingapp.Withdrawal.beforeTest(Withdrawal.java:15)
at bankingapp.Withdrawal.beforeTest(Withdrawal.java:15)
at bankingapp.Withdrawal.beforeTest(Withdrawal.java:15)
at bankingapp.Withdrawal.beforeTest(Withdrawal.java:15)
at bankingapp.Withdrawal.beforeTest(Withdrawal.java:15)
at bankingapp.Withdrawal.beforeTest(Withdrawal.java:15)
at bankingapp.Withdrawal.beforeTest(Withdrawal.java:15)
at bankingapp.Withdrawal.beforeTest(Withdrawal.java:15)
at bankingapp.Withdrawal.beforeTest(Withdrawal.java:15)
at bankingapp.Withdrawal.beforeTest(Withdrawal.java:15)
at bankingapp.Withdrawal.beforeTest(Withdrawal.java:15)
at bankingapp.Withdrawal.beforeTest(Withdrawal.java:15)
at bankingapp.Withdrawal.beforeTest(Withdrawal.java:15)
at bankingapp.Withdrawal.beforeTest(Withdrawal.java:15)
at bankingapp.Withdrawal.beforeTest(Withdrawal.java:15)
at bankingapp.Withdrawal.beforeTest(Withdrawal.java:15)
at bankingapp.Withdrawal.beforeTest(Withdrawal.java:15)
at bankingapp.Withdrawal.beforeTest(Withdrawal.java:15)
at bankingapp.Withdrawal.beforeTest(Withdrawal.java:15)
at bankingapp.Withdrawal.beforeTest(Withdrawal.java:15)
at bankingapp.Withdrawal.beforeTest(Withdrawal.java:15)
at bankingapp.Withdrawal.beforeTest(Withdrawal.java:15)
at bankingapp.Withdrawal.beforeTest(Withdrawal.java:15)
at bankingapp.Withdrawal.beforeTest(Withdrawal.java:15)
at bankingapp.Withdrawal.beforeTest(Withdrawal.java:15)
at bankingapp.Withdrawal.beforeTest(Withdrawal.java:15)
at bankingapp.Withdrawal.beforeTest(Withdrawal.java:15)
at bankingapp.Withdrawal.beforeTest(Withdrawal.java:15)
at bankingapp.Withdrawal.beforeTest(Withdrawal.java:15)
at bankingapp.Withdrawal.beforeTest(Withdrawal.java:15)
at bankingapp.Withdrawal.beforeTest(Withdrawal.java:15)
at bankingapp.Withdrawal.beforeTest(Withdrawal.java:15)
at bankingapp.Withdrawal.beforeTest(Withdrawal.java:15)
at bankingapp.Withdrawal.beforeTest(Withdrawal.java:15)
at bankingapp.Withdrawal.beforeTest(Withdrawal.java:15)
at bankingapp.Withdrawal.beforeTest(Withdrawal.java:15)
at bankingapp.Withdrawal.beforeTest(Withdrawal.java:15)
at bankingapp.Withdrawal.beforeTest(Withdrawal.java:15)
at bankingapp.Withdrawal.beforeTest(Withdrawal.java:15)
at bankingapp.Withdrawal.beforeTest(Withdrawal.java:15)
at bankingapp.Withdrawal.beforeTest(Withdrawal.java:15)
at bankingapp.Withdrawal.beforeTest(Withdrawal.java:15)
at bankingapp.Withdrawal.beforeTest(Withdrawal.java:15)
at bankingapp.Withdrawal.beforeTest(Withdrawal.java:15)
at bankingapp.Withdrawal.beforeTest(Withdrawal.java:15)
at bankingapp.Withdrawal.beforeTest(Withdrawal.java:15)
at bankingapp.Withdrawal.beforeTest(Withdrawal.java:15)
at bankingapp.Withdrawal.beforeTest(Withdrawal.java:15)
at bankingapp.Withdrawal.beforeTest(Withdrawal.java:15)
at bankingapp.Withdrawal.beforeTest(Withdrawal.java:15)
at bankingapp.Withdrawal.beforeTest(Withdrawal.java:15)
at bankingapp.Withdrawal.beforeTest(Withdrawal.java:15)
at bankingapp.Withdrawal.beforeTest(Withdrawal.java:15)
at bankingapp.Withdrawal.beforeTest(Withdrawal.java:15)
at bankingapp.Withdrawal.beforeTest(Withdrawal.java:15)
at bankingapp.Withdrawal.beforeTest(Withdrawal.java:15)
at bankingapp.Withdrawal.beforeTest(Withdrawal.java:15)
at bankingapp.Withdrawal.beforeTest(Withdrawal.java:15)
at bankingapp.Withdrawal.beforeTest(Withdrawal.java:15)
at bankingapp.Withdrawal.beforeTest(Withdrawal.java:15)
at bankingapp.Withdrawal.beforeTest(Withdrawal.java:15)
at bankingapp.Withdrawal.beforeTest(Withdrawal.java:15)
at bankingapp.Withdrawal.beforeTest(Withdrawal.java:15)
at bankingapp.Withdrawal.beforeTest(Withdrawal.java:15)
at bankingapp.Withdrawal.beforeTest(Withdrawal.java:15)
at bankingapp.Withdrawal.beforeTest(Withdrawal.java:15)
at bankingapp.Withdrawal.beforeTest(Withdrawal.java:15)
at bankingapp.Withdrawal.beforeTest(Withdrawal.java:15)
at bankingapp.Withdrawal.beforeTest(Withdrawal.java:15)
at bankingapp.Withdrawal.beforeTest(Withdrawal.java:15)
at bankingapp.Withdrawal.beforeTest(Withdrawal.java:15)
at bankingapp.Withdrawal.beforeTest(Withdrawal.java:15)
at bankingapp.Withdrawal.beforeTest(Withdrawal.java:15)
at bankingapp.Withdrawal.beforeTest(Withdrawal.java:15)
at bankingapp.Withdrawal.beforeTest(Withdrawal.java:15)
at bankingapp.Withdrawal.beforeTest(Withdrawal.java:15)
at bankingapp.Withdrawal.beforeTest(Withdrawal.java:15)
at bankingapp.Withdrawal.beforeTest(Withdrawal.java:15)
at bankingapp.Withdrawal.beforeTest(Withdrawal.java:15)
at bankingapp.Withdrawal.beforeTest(Withdrawal.java:15)
at bankingapp.Withdrawal.beforeTest(Withdrawal.java:15)
at bankingapp.Withdrawal.beforeTest(Withdrawal.java:15)
at bankingapp.Withdrawal.beforeTest(Withdrawal.java:15)
at bankingapp.Withdrawal.beforeTest(Withdrawal.java:15)
at bankingapp.Withdrawal.beforeTest(Withdrawal.java:15)
at bankingapp.Withdrawal.beforeTest(Withdrawal.java:15)
at bankingapp.Withdrawal.beforeTest(Withdrawal.java:15)
at bankingapp.Withdrawal.beforeTest(Withdrawal.java:15)
at bankingapp.Withdrawal.beforeTest(Withdrawal.java:15)
at bankingapp.Withdrawal.beforeTest(Withdrawal.java:15)
at bankingapp.Withdrawal.beforeTest(Withdrawal.java:15)
at bankingapp.Withdrawal.beforeTest(Withdrawal.java:15)
at bankingapp.Withdrawal.beforeTest(Withdrawal.java:15)
at bankingapp.Withdrawal.beforeTest(Withdrawal.java:15)
at bankingapp.Withdrawal.beforeTest(Withdrawal.java:15)
at bankingapp.Withdrawal.beforeTest(Withdrawal.java:15)
at bankingapp.Withdrawal.beforeTest(Withdrawal.java:15)
at bankingapp.Withdrawal.beforeTest(Withdrawal.java:15)
at bankingapp.Withdrawal.beforeTest(Withdrawal.java:15)
at bankingapp.Withdrawal.beforeTest(Withdrawal.java:15)
at bankingapp.Withdrawal.beforeTest(Withdrawal.java:15)
at bankingapp.Withdrawal.beforeTest(Withdrawal.java:15)
at bankingapp.Withdrawal.beforeTest(Withdrawal.java:15)
at bankingapp.Withdrawal.beforeTest(Withdrawal.java:15)
at bankingapp.Withdrawal.beforeTest(Withdrawal.java:15)
at bankingapp.Withdrawal.beforeTest(Withdrawal.java:15)
at bankingapp.Withdrawal.beforeTest(Withdrawal.java:15)
at bankingapp.Withdrawal.beforeTest(Withdrawal.java:15)
at bankingapp.Withdrawal.beforeTest(Withdrawal.java:15)
at bankingapp.Withdrawal.beforeTest(Withdrawal.java:15)
at bankingapp.Withdrawal.beforeTest(Withdrawal.java:15)
at bankingapp.Withdrawal.beforeTest(Withdrawal.java:15)
at bankingapp.Withdrawal.beforeTest(Withdrawal.java:15)
at bankingapp.Withdrawal.beforeTest(Withdrawal.java:15)
at bankingapp.Withdrawal.beforeTest(Withdrawal.java:15)
at bankingapp.Withdrawal.beforeTest(Withdrawal.java:15)
at bankingapp.Withdrawal.beforeTest(Withdrawal.java:15)
at bankingapp.Withdrawal.beforeTest(Withdrawal.java:15)
at bankingapp.Withdrawal.beforeTest(Withdrawal.java:15)
at bankingapp.Withdrawal.beforeTest(Withdrawal.java:15)
at bankingapp.Withdrawal.beforeTest(Withdrawal.java:15)
at bankingapp.Withdrawal.beforeTest(Withdrawal.java:15)
at bankingapp.Withdrawal.beforeTest(Withdrawal.java:15)
at bankingapp.Withdrawal.beforeTest(Withdrawal.java:15)
at bankingapp.Withdrawal.beforeTest(Withdrawal.java:15)
at bankingapp.Withdrawal.beforeTest(Withdrawal.java:15)
at bankingapp.Withdrawal.beforeTest(Withdrawal.java:15)
at bankingapp.Withdrawal.beforeTest(Withdrawal.java:15)
at bankingapp.Withdrawal.beforeTest(Withdrawal.java:15)
at bankingapp.Withdrawal.beforeTest(Withdrawal.java:15)
at bankingapp.Withdrawal.beforeTest(Withdrawal.java:15)
at bankingapp.Withdrawal.beforeTest(Withdrawal.java:15)
at bankingapp.Withdrawal.beforeTest(Withdrawal.java:15)
at bankingapp.Withdrawal.beforeTest(Withdrawal.java:15)
at bankingapp.Withdrawal.beforeTest(Withdrawal.java:15)
at bankingapp.Withdrawal.beforeTest(Withdrawal.java:15)
at bankingapp.Withdrawal.beforeTest(Withdrawal.java:15)
at bankingapp.Withdrawal.beforeTest(Withdrawal.java:15)
at bankingapp.Withdrawal.beforeTest(Withdrawal.java:15)
at bankingapp.Withdrawal.beforeTest(Withdrawal.java:15)
at bankingapp.Withdrawal.beforeTest(Withdrawal.java:15)
at bankingapp.Withdrawal.beforeTest(Withdrawal.java:15)
at bankingapp.Withdrawal.beforeTest(Withdrawal.java:15)
at bankingapp.Withdrawal.beforeTest(Withdrawal.java:15)
at bankingapp.Withdrawal.beforeTest(Withdrawal.java:15)
at bankingapp.Withdrawal.beforeTest(Withdrawal.java:15)
at bankingapp.Withdrawal.beforeTest(Withdrawal.java:15)
at bankingapp.Withdrawal.beforeTest(Withdrawal.java:15)
at bankingapp.Withdrawal.beforeTest(Withdrawal.java:15)
at bankingapp.Withdrawal.beforeTest(Withdrawal.java:15)
at bankingapp.Withdrawal.beforeTest(Withdrawal.java:15)
at bankingapp.Withdrawal.beforeTest(Withdrawal.java:15)
at bankingapp.Withdrawal.beforeTest(Withdrawal.java:15)
at bankingapp.Withdrawal.beforeTest(Withdrawal.java:15)
at bankingapp.Withdrawal.beforeTest(Withdrawal.java:15)
at bankingapp.Withdrawal.beforeTest(Withdrawal.java:15)
at bankingapp.Withdrawal.beforeTest(Withdrawal.java:15)
at bankingapp.Withdrawal.beforeTest(Withdrawal.java:15)
at bankingapp.Withdrawal.beforeTest(Withdrawal.java:15)
at bankingapp.Withdrawal.beforeTest(Withdrawal.java:15)
at bankingapp.Withdrawal.beforeTest(Withdrawal.java:15)
at bankingapp.Withdrawal.beforeTest(Withdrawal.java:15)
at bankingapp.Withdrawal.beforeTest(Withdrawal.java:15)
at bankingapp.Withdrawal.beforeTest(Withdrawal.java:15)
at bankingapp.Withdrawal.beforeTest(Withdrawal.java:15)
at bankingapp.Withdrawal.beforeTest(Withdrawal.java:15)
at bankingapp.Withdrawal.beforeTest(Withdrawal.java:15)
at bankingapp.Withdrawal.beforeTest(Withdrawal.java:15)
at bankingapp.Withdrawal.beforeTest(Withdrawal.java:15)
at bankingapp.Withdrawal.beforeTest(Withdrawal.java:15)
at bankingapp.Withdrawal.beforeTest(Withdrawal.java:15)
at bankingapp.Withdrawal.beforeTest(Withdrawal.java:15)
at bankingapp.Withdrawal.beforeTest(Withdrawal.java:15)
at bankingapp.Withdrawal.beforeTest(Withdrawal.java:15)
at bankingapp.Withdrawal.beforeTest(Withdrawal.java:15)
at bankingapp.Withdrawal.beforeTest(Withdrawal.java:15)
at bankingapp.Withdrawal.beforeTest(Withdrawal.java:15)
at bankingapp.Withdrawal.beforeTest(Withdrawal.java:15)
at bankingapp.Withdrawal.beforeTest(Withdrawal.java:15)
at bankingapp.Withdrawal.beforeTest(Withdrawal.java:15)
at bankingapp.Withdrawal.beforeTest(Withdrawal.java:15)
at bankingapp.Withdrawal.beforeTest(Withdrawal.java:15)
at bankingapp.Withdrawal.beforeTest(Withdrawal.java:15)
at bankingapp.Withdrawal.beforeTest(Withdrawal.java:15)
at bankingapp.Withdrawal.beforeTest(Withdrawal.java:15)
at bankingapp.Withdrawal.beforeTest(Withdrawal.java:15)
at bankingapp.Withdrawal.beforeTest(Withdrawal.java:15)
at bankingapp.Withdrawal.beforeTest(Withdrawal.java:15)
at bankingapp.Withdrawal.beforeTest(Withdrawal.java:15)
at bankingapp.Withdrawal.beforeTest(Withdrawal.java:15)
at bankingapp.Withdrawal.beforeTest(Withdrawal.java:15)
at bankingapp.Withdrawal.beforeTest(Withdrawal.java:15)
at bankingapp.Withdrawal.beforeTest(Withdrawal.java:15)
at bankingapp.Withdrawal.beforeTest(Withdrawal.java:15)
at bankingapp.Withdrawal.beforeTest(Withdrawal.java:15)
at bankingapp.Withdrawal.beforeTest(Withdrawal.java:15)
at bankingapp.Withdrawal.beforeTest(Withdrawal.java:15)
at bankingapp.Withdrawal.beforeTest(Withdrawal.java:15)
at bankingapp.Withdrawal.beforeTest(Withdrawal.java:15)
at bankingapp.Withdrawal.beforeTest(Withdrawal.java:15)
at bankingapp.Withdrawal.beforeTest(Withdrawal.java:15)
at bankingapp.Withdrawal.beforeTest(Withdrawal.java:15)
at bankingapp.Withdrawal.beforeTest(Withdrawal.java:15)
at bankingapp.Withdrawal.beforeTest(Withdrawal.java:15)
at bankingapp.Withdrawal.beforeTest(Withdrawal.java:15)
at bankingapp.Withdrawal.beforeTest(Withdrawal.java:15)
at bankingapp.Withdrawal.beforeTest(Withdrawal.java:15)
at bankingapp.Withdrawal.beforeTest(Withdrawal.java:15)
at bankingapp.Withdrawal.beforeTest(Withdrawal.java:15)
at bankingapp.Withdrawal.beforeTest(Withdrawal.java:15)
at bankingapp.Withdrawal.beforeTest(Withdrawal.java:15)
at bankingapp.Withdrawal.beforeTest(Withdrawal.java:15)
at bankingapp.Withdrawal.beforeTest(Withdrawal.java:15)
at bankingapp.Withdrawal.beforeTest(Withdrawal.java:15)
at bankingapp.Withdrawal.beforeTest(Withdrawal.java:15)
at bankingapp.Withdrawal.beforeTest(Withdrawal.java:15)
at bankingapp.Withdrawal.beforeTest(Withdrawal.java:15)
at bankingapp.Withdrawal.beforeTest(Withdrawal.java:15)
at bankingapp.Withdrawal.beforeTest(Withdrawal.java:15)
at bankingapp.Withdrawal.beforeTest(Withdrawal.java:15)
at bankingapp.Withdrawal.beforeTest(Withdrawal.java:15)
at bankingapp.Withdrawal.beforeTest(Withdrawal.java:15)
at bankingapp.Withdrawal.beforeTest(Withdrawal.java:15)
at bankingapp.Withdrawal.beforeTest(Withdrawal.java:15)
at bankingapp.Withdrawal.beforeTest(Withdrawal.java:15)
at bankingapp.Withdrawal.beforeTest(Withdrawal.java:15)
at bankingapp.Withdrawal.beforeTest(Withdrawal.java:15)
at bankingapp.Withdrawal.beforeTest(Withdrawal.java:15)
at bankingapp.Withdrawal.beforeTest(Withdrawal.java:15)
at bankingapp.Withdrawal.beforeTest(Withdrawal.java:15)
at bankingapp.Withdrawal.beforeTest(Withdrawal.java:15)
at bankingapp.Withdrawal.beforeTest(Withdrawal.java:15)
at bankingapp.Withdrawal.beforeTest(Withdrawal.java:15)
at bankingapp.Withdrawal.beforeTest(Withdrawal.java:15)
at bankingapp.Withdrawal.beforeTest(Withdrawal.java:15)
at bankingapp.Withdrawal.beforeTest(Withdrawal.java:15)
at bankingapp.Withdrawal.beforeTest(Withdrawal.java:15)
at bankingapp.Withdrawal.beforeTest(Withdrawal.java:15)
at bankingapp.Withdrawal.beforeTest(Withdrawal.java:15)
at bankingapp.Withdrawal.beforeTest(Withdrawal.java:15)
at bankingapp.Withdrawal.beforeTest(Withdrawal.java:15)
at bankingapp.Withdrawal.beforeTest(Withdrawal.java:15)
at bankingapp.Withdrawal.beforeTest(Withdrawal.java:15)
at bankingapp.Withdrawal.beforeTest(Withdrawal.java:15)
at bankingapp.Withdrawal.beforeTest(Withdrawal.java:15)
at bankingapp.Withdrawal.beforeTest(Withdrawal.java:15)
at bankingapp.Withdrawal.beforeTest(Withdrawal.java:15)
at bankingapp.Withdrawal.beforeTest(Withdrawal.java:15)
at bankingapp.Withdrawal.beforeTest(Withdrawal.java:15)
at bankingapp.Withdrawal.beforeTest(Withdrawal.java:15)
at bankingapp.Withdrawal.beforeTest(Withdrawal.java:15)
at bankingapp.Withdrawal.beforeTest(Withdrawal.java:15)
at bankingapp.Withdrawal.beforeTest(Withdrawal.java:15)
at bankingapp.Withdrawal.beforeTest(Withdrawal.java:15)
at bankingapp.Withdrawal.beforeTest(Withdrawal.java:15)
at bankingapp.Withdrawal.beforeTest(Withdrawal.java:15)
at bankingapp.Withdrawal.beforeTest(Withdrawal.java:15)
at bankingapp.Withdrawal.beforeTest(Withdrawal.java:15)
at bankingapp.Withdrawal.beforeTest(Withdrawal.java:15)
at bankingapp.Withdrawal.beforeTest(Withdrawal.java:15)
at bankingapp.Withdrawal.beforeTest(Withdrawal.java:15)
at bankingapp.Withdrawal.beforeTest(Withdrawal.java:15)
at bankingapp.Withdrawal.beforeTest(Withdrawal.java:15)
at bankingapp.Withdrawal.beforeTest(Withdrawal.java:15)
at bankingapp.Withdrawal.beforeTest(Withdrawal.java:15)
at bankingapp.Withdrawal.beforeTest(Withdrawal.java:15)
at bankingapp.Withdrawal.beforeTest(Withdrawal.java:15)
at bankingapp.Withdrawal.beforeTest(Withdrawal.java:15)
at bankingapp.Withdrawal.beforeTest(Withdrawal.java:15)
at bankingapp.Withdrawal.beforeTest(Withdrawal.java:15)
at bankingapp.Withdrawal.beforeTest(Withdrawal.java:15)
at bankingapp.Withdrawal.beforeTest(Withdrawal.java:15)
at bankingapp.Withdrawal.beforeTest(Withdrawal.java:15)
at bankingapp.Withdrawal.beforeTest(Withdrawal.java:15)
at bankingapp.Withdrawal.beforeTest(Withdrawal.java:15)
at bankingapp.Withdrawal.beforeTest(Withdrawal.java:15)
at bankingapp.Withdrawal.beforeTest(Withdrawal.java:15)
at bankingapp.Withdrawal.beforeTest(Withdrawal.java:15)
at bankingapp.Withdrawal.beforeTest(Withdrawal.java:15)
at bankingapp.Withdrawal.beforeTest(Withdrawal.java:15)
at bankingapp.Withdrawal.beforeTest(Withdrawal.java:15)
at bankingapp.Withdrawal.beforeTest(Withdrawal.java:15)
at bankingapp.Withdrawal.beforeTest(Withdrawal.java:15)
at bankingapp.Withdrawal.beforeTest(Withdrawal.java:15)
at bankingapp.Withdrawal.beforeTest(Withdrawal.java:15)
at bankingapp.Withdrawal.beforeTest(Withdrawal.java:15)
at bankingapp.Withdrawal.beforeTest(Withdrawal.java:15)
at bankingapp.Withdrawal.beforeTest(Withdrawal.java:15)
at bankingapp.Withdrawal.beforeTest(Withdrawal.java:15)
at bankingapp.Withdrawal.beforeTest(Withdrawal.java:15)
at bankingapp.Withdrawal.beforeTest(Withdrawal.java:15)
at bankingapp.Withdrawal.beforeTest(Withdrawal.java:15)
at bankingapp.Withdrawal.beforeTest(Withdrawal.java:15)
at bankingapp.Withdrawal.beforeTest(Withdrawal.java:15)
at bankingapp.Withdrawal.beforeTest(Withdrawal.java:15)
at bankingapp.Withdrawal.beforeTest(Withdrawal.java:15)
at bankingapp.Withdrawal.beforeTest(Withdrawal.java:15)
at bankingapp.Withdrawal.beforeTest(Withdrawal.java:15)
at bankingapp.Withdrawal.beforeTest(Withdrawal.java:15)
at bankingapp.Withdrawal.beforeTest(Withdrawal.java:15)
at bankingapp.Withdrawal.beforeTest(Withdrawal.java:15)
at bankingapp.Withdrawal.beforeTest(Withdrawal.java:15)
at bankingapp.Withdrawal.beforeTest(Withdrawal.java:15)
at bankingapp.Withdrawal.beforeTest(Withdrawal.java:15)
at bankingapp.Withdrawal.beforeTest(Withdrawal.java:15)
at bankingapp.Withdrawal.beforeTest(Withdrawal.java:15)
at bankingapp.Withdrawal.beforeTest(Withdrawal.java:15)
at bankingapp.Withdrawal.beforeTest(Withdrawal.java:15)
at bankingapp.Withdrawal.beforeTest(Withdrawal.java:15)
at bankingapp.Withdrawal.beforeTest(Withdrawal.java:15)
at bankingapp.Withdrawal.beforeTest(Withdrawal.java:15)
at bankingapp.Withdrawal.beforeTest(Withdrawal.java:15)
at bankingapp.Withdrawal.beforeTest(Withdrawal.java:15)
at bankingapp.Withdrawal.beforeTest(Withdrawal.java:15)
at bankingapp.Withdrawal.beforeTest(Withdrawal.java:15)
at bankingapp.Withdrawal.beforeTest(Withdrawal.java:15)
at bankingapp.Withdrawal.beforeTest(Withdrawal.java:15)
at bankingapp.Withdrawal.beforeTest(Withdrawal.java:15)
at bankingapp.Withdrawal.beforeTest(Withdrawal.java:15)
at bankingapp.Withdrawal.beforeTest(Withdrawal.java:15)
at bankingapp.Withdrawal.beforeTest(Withdrawal.java:15)
at bankingapp.Withdrawal.beforeTest(Withdrawal.java:15)
at bankingapp.Withdrawal.beforeTest(Withdrawal.java:15)
at bankingapp.Withdrawal.beforeTest(Withdrawal.java:15)
at bankingapp.Withdrawal.beforeTest(Withdrawal.java:15)
at bankingapp.Withdrawal.beforeTest(Withdrawal.java:15)
at bankingapp.Withdrawal.beforeTest(Withdrawal.java:15)
at bankingapp.Withdrawal.beforeTest(Withdrawal.java:15)
at bankingapp.Withdrawal.beforeTest(Withdrawal.java:15)
at bankingapp.Withdrawal.beforeTest(Withdrawal.java:15)
at bankingapp.Withdrawal.beforeTest(Withdrawal.java:15)
at bankingapp.Withdrawal.beforeTest(Withdrawal.java:15)
at bankingapp.Withdrawal.beforeTest(Withdrawal.java:15)
at bankingapp.Withdrawal.beforeTest(Withdrawal.java:15)
at bankingapp.Withdrawal.beforeTest(Withdrawal.java:15)
at bankingapp.Withdrawal.beforeTest(Withdrawal.java:15)
at bankingapp.Withdrawal.beforeTest(Withdrawal.java:15)
at bankingapp.Withdrawal.beforeTest(Withdrawal.java:15)
at bankingapp.Withdrawal.beforeTest(Withdrawal.java:15)
at bankingapp.Withdrawal.beforeTest(Withdrawal.java:15)
at bankingapp.Withdrawal.beforeTest(Withdrawal.java:15)
at bankingapp.Withdrawal.beforeTest(Withdrawal.java:15)
at bankingapp.Withdrawal.beforeTest(Withdrawal.java:15)
at bankingapp.Withdrawal.beforeTest(Withdrawal.java:15)
at bankingapp.Withdrawal.beforeTest(Withdrawal.java:15)
at bankingapp.Withdrawal.beforeTest(Withdrawal.java:15)
at bankingapp.Withdrawal.beforeTest(Withdrawal.java:15)
at bankingapp.Withdrawal.beforeTest(Withdrawal.java:15)
at bankingapp.Withdrawal.beforeTest(Withdrawal.java:15)
at bankingapp.Withdrawal.beforeTest(Withdrawal.java:15)
at bankingapp.Withdrawal.beforeTest(Withdrawal.java:15)
at bankingapp.Withdrawal.beforeTest(Withdrawal.java:15)
at bankingapp.Withdrawal.beforeTest(Withdrawal.java:15)
at bankingapp.Withdrawal.beforeTest(Withdrawal.java:15)
at bankingapp.Withdrawal.beforeTest(Withdrawal.java:15)
at bankingapp.Withdrawal.beforeTest(Withdrawal.java:15)
at bankingapp.Withdrawal.beforeTest(Withdrawal.java:15)
at bankingapp.Withdrawal.beforeTest(Withdrawal.java:15)
at bankingapp.Withdrawal.beforeTest(Withdrawal.java:15)
at bankingapp.Withdrawal.beforeTest(Withdrawal.java:15)
at bankingapp.Withdrawal.beforeTest(Withdrawal.java:15)
at bankingapp.Withdrawal.beforeTest(Withdrawal.java:15)
at bankingapp.Withdrawal.beforeTest(Withdrawal.java:15)
at bankingapp.Withdrawal.beforeTest(Withdrawal.java:15)
at bankingapp.Withdrawal.beforeTest(Withdrawal.java:15)
at bankingapp.Withdrawal.beforeTest(Withdrawal.java:15)
at bankingapp.Withdrawal.beforeTest(Withdrawal.java:15)
at bankingapp.Withdrawal.beforeTest(Withdrawal.java:15)
at bankingapp.Withdrawal.beforeTest(Withdrawal.java:15)
at bankingapp.Withdrawal.beforeTest(Withdrawal.java:15)
at bankingapp.Withdrawal.beforeTest(Withdrawal.java:15)
at bankingapp.Withdrawal.beforeTest(Withdrawal.java:15)
at bankingapp.Withdrawal.beforeTest(Withdrawal.java:15)
at bankingapp.Withdrawal.beforeTest(Withdrawal.java:15)
at bankingapp.Withdrawal.beforeTest(Withdrawal.java:15)
at bankingapp.Withdrawal.beforeTest(Withdrawal.java:15)
at bankingapp.Withdrawal.beforeTest(Withdrawal.java:15)
at bankingapp.Withdrawal.beforeTest(Withdrawal.java:15)
at bankingapp.Withdrawal.beforeTest(Withdrawal.java:15)
at bankingapp.Withdrawal.beforeTest(Withdrawal.java:15)
at bankingapp.Withdrawal.beforeTest(Withdrawal.java:15)
at bankingapp.Withdrawal.beforeTest(Withdrawal.java:15)
at bankingapp.Withdrawal.beforeTest(Withdrawal.java:15)
at bankingapp.Withdrawal.beforeTest(Withdrawal.java:15)
at bankingapp.Withdrawal.beforeTest(Withdrawal.java:15)
at bankingapp.Withdrawal.beforeTest(Withdrawal.java:15)
at bankingapp.Withdrawal.beforeTest(Withdrawal.java:15)
at bankingapp.Withdrawal.beforeTest(Withdrawal.java:15)
at bankingapp.Withdrawal.beforeTest(Withdrawal.java:15)
at bankingapp.Withdrawal.beforeTest(Withdrawal.java:15)
at bankingapp.Withdrawal.beforeTest(Withdrawal.java:15)
at bankingapp.Withdrawal.beforeTest(Withdrawal.java:15)
at bankingapp.Withdrawal.beforeTest(Withdrawal.java:15)
at bankingapp.Withdrawal.beforeTest(Withdrawal.java:15)
at bankingapp.Withdrawal.beforeTest(Withdrawal.java:15)
at bankingapp.Withdrawal.beforeTest(Withdrawal.java:15)
at bankingapp.Withdrawal.beforeTest(Withdrawal.java:15)
at bankingapp.Withdrawal.beforeTest(Withdrawal.java:15)
at bankingapp.Withdrawal.beforeTest(Withdrawal.java:15)
at bankingapp.Withdrawal.beforeTest(Withdrawal.java:15)
at bankingapp.Withdrawal.beforeTest(Withdrawal.java:15)
at bankingapp.Withdrawal.beforeTest(Withdrawal.java:15)
at bankingapp.Withdrawal.beforeTest(Withdrawal.java:15)
at bankingapp.Withdrawal.beforeTest(Withdrawal.java:15)
at bankingapp.Withdrawal.beforeTest(Withdrawal.java:15)
at bankingapp.Withdrawal.beforeTest(Withdrawal.java:15)
at bankingapp.Withdrawal.beforeTest(Withdrawal.java:15)
at bankingapp.Withdrawal.beforeTest(Withdrawal.java:15)
at bankingapp.Withdrawal.beforeTest(Withdrawal.java:15)
at bankingapp.Withdrawal.beforeTest(Withdrawal.java:15)
at bankingapp.Withdrawal.beforeTest(Withdrawal.java:15)
at bankingapp.Withdrawal.beforeTest(Withdrawal.java:15)
at bankingapp.Withdrawal.beforeTest(Withdrawal.java:15)
at bankingapp.Withdrawal.beforeTest(Withdrawal.java:15)
at bankingapp.Withdrawal.beforeTest(Withdrawal.java:15)
at bankingapp.Withdrawal.beforeTest(Withdrawal.java:15)
at bankingapp.Withdrawal.beforeTest(Withdrawal.java:15)
at bankingapp.Withdrawal.beforeTest(Withdrawal.java:15)
at bankingapp.Withdrawal.beforeTest(Withdrawal.java:15)
at bankingapp.Withdrawal.beforeTest(Withdrawal.java:15)
at bankingapp.Withdrawal.beforeTest(Withdrawal.java:15)
at bankingapp.Withdrawal.beforeTest(Withdrawal.java:15)
at bankingapp.Withdrawal.beforeTest(Withdrawal.java:15)
at bankingapp.Withdrawal.beforeTest(Withdrawal.java:15)
at bankingapp.Withdrawal.beforeTest(Withdrawal.java:15)
at bankingapp.Withdrawal.beforeTest(Withdrawal.java:15)
at bankingapp.Withdrawal.beforeTest(Withdrawal.java:15)
at bankingapp.Withdrawal.beforeTest(Withdrawal.java:15)
at bankingapp.Withdrawal.beforeTest(Withdrawal.java:15)
at bankingapp.Withdrawal.beforeTest(Withdrawal.java:15)
at bankingapp.Withdrawal.beforeTest(Withdrawal.java:15)
at bankingapp.Withdrawal.beforeTest(Withdrawal.java:15)
at bankingapp.Withdrawal.beforeTest(Withdrawal.java:15)
at bankingapp.Withdrawal.beforeTest(Withdrawal.java:15)
at bankingapp.Withdrawal.beforeTest(Withdrawal.java:15)
at bankingapp.Withdrawal.beforeTest(Withdrawal.java:15)
at bankingapp.Withdrawal.beforeTest(Withdrawal.java:15)
at bankingapp.Withdrawal.beforeTest(Withdrawal.java:15)
at bankingapp.Withdrawal.beforeTest(Withdrawal.java:15)
at bankingapp.Withdrawal.beforeTest(Withdrawal.java:15)
at bankingapp.Withdrawal.beforeTest(Withdrawal.java:15)
at bankingapp.Withdrawal.beforeTest(Withdrawal.java:15)
at bankingapp.Withdrawal.beforeTest(Withdrawal.java:15)
at bankingapp.Withdrawal.beforeTest(Withdrawal.java:15)
at bankingapp.Withdrawal.beforeTest(Withdrawal.java:15)
at bankingapp.Withdrawal.beforeTest(Withdrawal.java:15)
at bankingapp.Withdrawal.beforeTest(Withdrawal.java:15)
at bankingapp.Withdrawal.beforeTest(Withdrawal.java:15)
at bankingapp.Withdrawal.beforeTest(Withdrawal.java:15)
at bankingapp.Withdrawal.beforeTest(Withdrawal.java:15)
at bankingapp.Withdrawal.beforeTest(Withdrawal.java:15)
at bankingapp.Withdrawal.beforeTest(Withdrawal.java:15)
at bankingapp.Withdrawal.beforeTest(Withdrawal.java:15)
at bankingapp.Withdrawal.beforeTest(Withdrawal.java:15)
at bankingapp.Withdrawal.beforeTest(Withdrawal.java:15)
at bankingapp.Withdrawal.beforeTest(Withdrawal.java:15)
at bankingapp.Withdrawal.beforeTest(Withdrawal.java:15)
at bankingapp.Withdrawal.beforeTest(Withdrawal.java:15)
at bankingapp.Withdrawal.beforeTest(Withdrawal.java:15)
at bankingapp.Withdrawal.beforeTest(Withdrawal.java:15)
at bankingapp.Withdrawal.beforeTest(Withdrawal.java:15)
at bankingapp.Withdrawal.beforeTest(Withdrawal.java:15)
at bankingapp.Withdrawal.beforeTest(Withdrawal.java:15)
at bankingapp.Withdrawal.beforeTest(Withdrawal.java:15)
at bankingapp.Withdrawal.beforeTest(Withdrawal.java:15)
at bankingapp.Withdrawal.beforeTest(Withdrawal.java:15)
at bankingapp.Withdrawal.beforeTest(Withdrawal.java:15)
at bankingapp.Withdrawal.beforeTest(Withdrawal.java:15)
at bankingapp.Withdrawal.beforeTest(Withdrawal.java:15)
at bankingapp.Withdrawal.beforeTest(Withdrawal.java:15)
at bankingapp.Withdrawal.beforeTest(Withdrawal.java:15)
at bankingapp.Withdrawal.beforeTest(Withdrawal.java:15)
at bankingapp.Withdrawal.beforeTest(Withdrawal.java:15)
at bankingapp.Withdrawal.beforeTest(Withdrawal.java:15)
at bankingapp.Withdrawal.beforeTest(Withdrawal.java:15)
at bankingapp.Withdrawal.beforeTest(Withdrawal.java:15)
at bankingapp.Withdrawal.beforeTest(Withdrawal.java:15)
at bankingapp.Withdrawal.beforeTest(Withdrawal.java:15)
at bankingapp.Withdrawal.beforeTest(Withdrawal.java:15)
at bankingapp.Withdrawal.beforeTest(Withdrawal.java:15)
at bankingapp.Withdrawal.beforeTest(Withdrawal.java:15)
at bankingapp.Withdrawal.beforeTest(Withdrawal.java:15)
at bankingapp.Withdrawal.beforeTest(Withdrawal.java:15)
at bankingapp.Withdrawal.beforeTest(Withdrawal.java:15)
at bankingapp.Withdrawal.beforeTest(Withdrawal.java:15)
at bankingapp.Withdrawal.beforeTest(Withdrawal.java:15)
at bankingapp.Withdrawal.beforeTest(Withdrawal.java:15)
at bankingapp.Withdrawal.beforeTest(Withdrawal.java:15)
at bankingapp.Withdrawal.beforeTest(Withdrawal.java:15)
at bankingapp.Withdrawal.beforeTest(Withdrawal.java:15)
at bankingapp.Withdrawal.beforeTest(Withdrawal.java:15)
at bankingapp.Withdrawal.beforeTest(Withdrawal.java:15)
at bankingapp.Withdrawal.beforeTest(Withdrawal.java:15)
at bankingapp.Withdrawal.beforeTest(Withdrawal.java:15)
at bankingapp.Withdrawal.beforeTest(Withdrawal.java:15)
at bankingapp.Withdrawal.beforeTest(Withdrawal.java:15)
at bankingapp.Withdrawal.beforeTest(Withdrawal.java:15)
at bankingapp.Withdrawal.beforeTest(Withdrawal.java:15)
at bankingapp.Withdrawal.beforeTest(Withdrawal.java:15)
at bankingapp.Withdrawal.beforeTest(Withdrawal.java:15)
at bankingapp.Withdrawal.beforeTest(Withdrawal.java:15)
at bankingapp.Withdrawal.beforeTest(Withdrawal.java:15)
at bankingapp.Withdrawal.beforeTest(Withdrawal.java:15)
at bankingapp.Withdrawal.beforeTest(Withdrawal.java:15)
at bankingapp.Withdrawal.beforeTest(Withdrawal.java:15)
at bankingapp.Withdrawal.beforeTest(Withdrawal.java:15)
at bankingapp.Withdrawal.beforeTest(Withdrawal.java:15)
at bankingapp.Withdrawal.beforeTest(Withdrawal.java:15)
at bankingapp.Withdrawal.beforeTest(Withdrawal.java:15)
at bankingapp.Withdrawal.beforeTest(Withdrawal.java:15)
at bankingapp.Withdrawal.beforeTest(Withdrawal.java:15)
at bankingapp.Withdrawal.beforeTest(Withdrawal.java:15)
at bankingapp.Withdrawal.beforeTest(Withdrawal.java:15)
at bankingapp.Withdrawal.beforeTest(Withdrawal.java:15)
at bankingapp.Withdrawal.beforeTest(Withdrawal.java:15)
at bankingapp.Withdrawal.beforeTest(Withdrawal.java:15)
at bankingapp.Withdrawal.beforeTest(Withdrawal.java:15)
at bankingapp.Withdrawal.beforeTest(Withdrawal.java:15)
at bankingapp.Withdrawal.beforeTest(Withdrawal.java:15)
at bankingapp.Withdrawal.beforeTest(Withdrawal.java:15)
at bankingapp.Withdrawal.beforeTest(Withdrawal.java:15)
at bankingapp.Withdrawal.beforeTest(Withdrawal.java:15)
at bankingapp.Withdrawal.beforeTest(Withdrawal.java:15)
at bankingapp.Withdrawal.beforeTest(Withdrawal.java:15)
at bankingapp.Withdrawal.beforeTest(Withdrawal.java:15)
at bankingapp.Withdrawal.beforeTest(Withdrawal.java:15)
at bankingapp.Withdrawal.beforeTest(Withdrawal.java:15)
at bankingapp.Withdrawal.beforeTest(Withdrawal.java:15)
at bankingapp.Withdrawal.beforeTest(Withdrawal.java:15)
at bankingapp.Withdrawal.beforeTest(Withdrawal.java:15)
at bankingapp.Withdrawal.beforeTest(Withdrawal.java:15)
at bankingapp.Withdrawal.beforeTest(Withdrawal.java:15)
at bankingapp.Withdrawal.beforeTest(Withdrawal.java:15)
at bankingapp.Withdrawal.beforeTest(Withdrawal.java:15)
at bankingapp.Withdrawal.beforeTest(Withdrawal.java:15)
at bankingapp.Withdrawal.beforeTest(Withdrawal.java:15)
at bankingapp.Withdrawal.beforeTest(Withdrawal.java:15)
at bankingapp.Withdrawal.beforeTest(Withdrawal.java:15)
at bankingapp.Withdrawal.beforeTest(Withdrawal.java:15)
at bankingapp.Withdrawal.beforeTest(Withdrawal.java:15)
at bankingapp.Withdrawal.beforeTest(Withdrawal.java:15)
at bankingapp.Withdrawal.beforeTest(Withdrawal.java:15)
at bankingapp.Withdrawal.beforeTest(Withdrawal.java:15)
at bankingapp.Withdrawal.beforeTest(Withdrawal.java:15)
at bankingapp.Withdrawal.beforeTest(Withdrawal.java:15)
at bankingapp.Withdrawal.beforeTest(Withdrawal.java:15)
at bankingapp.Withdrawal.beforeTest(Withdrawal.java:15)
at bankingapp.Withdrawal.beforeTest(Withdrawal.java:15)
at bankingapp.Withdrawal.beforeTest(Withdrawal.java:15)
at bankingapp.Withdrawal.beforeTest(Withdrawal.java:15)
at bankingapp.Withdrawal.beforeTest(Withdrawal.java:15)
at bankingapp.Withdrawal.beforeTest(Withdrawal.java:15)
at bankingapp.Withdrawal.beforeTest(Withdrawal.java:15)
at bankingapp.Withdrawal.beforeTest(Withdrawal.java:15)
at bankingapp.Withdrawal.beforeTest(Withdrawal.java:15)
at bankingapp.Withdrawal.beforeTest(Withdrawal.java:15)
at bankingapp.Withdrawal.beforeTest(Withdrawal.java:15)
at bankingapp.Withdrawal.beforeTest(Withdrawal.java:15)
at bankingapp.Withdrawal.beforeTest(Withdrawal.java:15)
at bankingapp.Withdrawal.beforeTest(Withdrawal.java:15)
at bankingapp.Withdrawal.beforeTest(Withdrawal.java:15)
at bankingapp.Withdrawal.beforeTest(Withdrawal.java:15)
at bankingapp.Withdrawal.beforeTest(Withdrawal.java:15)
at bankingapp.Withdrawal.beforeTest(Withdrawal.java:15)
at bankingapp.Withdrawal.beforeTest(Withdrawal.java:15)
at bankingapp.Withdrawal.beforeTest(Withdrawal.java:15)
at bankingapp.Withdrawal.beforeTest(Withdrawal.java:15)
at bankingapp.Withdrawal.beforeTest(Withdrawal.java:15)
at bankingapp.Withdrawal.beforeTest(Withdrawal.java:15)
at bankingapp.Withdrawal.beforeTest(Withdrawal.java:15)
at bankingapp.Withdrawal.beforeTest(Withdrawal.java:15)
at bankingapp.Withdrawal.beforeTest(Withdrawal.java:15)
at bankingapp.Withdrawal.beforeTest(Withdrawal.java:15)
at bankingapp.Withdrawal.beforeTest(Withdrawal.java:15)
at bankingapp.Withdrawal.beforeTest(Withdrawal.java:15)
at bankingapp.Withdrawal.beforeTest(Withdrawal.java:15)
at bankingapp.Withdrawal.beforeTest(Withdrawal.java:15)
at bankingapp.Withdrawal.beforeTest(Withdrawal.java:15)
at bankingapp.Withdrawal.beforeTest(Withdrawal.java:15)
at bankingapp.Withdrawal.beforeTest(Withdrawal.java:15)
at bankingapp.Withdrawal.beforeTest(Withdrawal.java:15)
at bankingapp.Withdrawal.beforeTest(Withdrawal.java:15)
at bankingapp.Withdrawal.beforeTest(Withdrawal.java:15)
at bankingapp.Withdrawal.beforeTest(Withdrawal.java:15)
at bankingapp.Withdrawal.beforeTest(Withdrawal.java:15)
at bankingapp.Withdrawal.beforeTest(Withdrawal.java:15)
at bankingapp.Withdrawal.beforeTest(Withdrawal.java:15)
at bankingapp.Withdrawal.beforeTest(Withdrawal.java:15)
at bankingapp.Withdrawal.beforeTest(Withdrawal.java:15)
at bankingapp.Withdrawal.beforeTest(Withdrawal.java:15)
at bankingapp.Withdrawal.beforeTest(Withdrawal.java:15)
at bankingapp.Withdrawal.beforeTest(Withdrawal.java:15)
at bankingapp.Withdrawal.beforeTest(Withdrawal.java:15)
at bankingapp.Withdrawal.beforeTest(Withdrawal.java:15)
at bankingapp.Withdrawal.beforeTest(Withdrawal.java:15)
at bankingapp.Withdrawal.beforeTest(Withdrawal.java:15)
at bankingapp.Withdrawal.beforeTest(Withdrawal.java:15)
at bankingapp.Withdrawal.beforeTest(Withdrawal.java:15)
at bankingapp.Withdrawal.beforeTest(Withdrawal.java:15)
at bankingapp.Withdrawal.beforeTest(Withdrawal.java:15)
at bankingapp.Withdrawal.beforeTest(Withdrawal.java:15)
at bankingapp.Withdrawal.beforeTest(Withdrawal.java:15)
at bankingapp.Withdrawal.beforeTest(Withdrawal.java:15)
at bankingapp.Withdrawal.beforeTest(Withdrawal.java:15)
at bankingapp.Withdrawal.beforeTest(Withdrawal.java:15)
at bankingapp.Withdrawal.beforeTest(Withdrawal.java:15)
at bankingapp.Withdrawal.beforeTest(Withdrawal.java:15)
at bankingapp.Withdrawal.beforeTest(Withdrawal.java:15)
at bankingapp.Withdrawal.beforeTest(Withdrawal.java:15)
at bankingapp.Withdrawal.beforeTest(Withdrawal.java:15)
at bankingapp.Withdrawal.beforeTest(Withdrawal.java:15)
at bankingapp.Withdrawal.beforeTest(Withdrawal.java:15)
at bankingapp.Withdrawal.beforeTest(Withdrawal.java:15)
at bankingapp.Withdrawal.beforeTest(Withdrawal.java:15)
at bankingapp.Withdrawal.beforeTest(Withdrawal.java:15)
at bankingapp.Withdrawal.beforeTest(Withdrawal.java:15)
at bankingapp.Withdrawal.beforeTest(Withdrawal.java:15)
at bankingapp.Withdrawal.beforeTest(Withdrawal.java:15)
at bankingapp.Withdrawal.beforeTest(Withdrawal.java:15)
at bankingapp.Withdrawal.beforeTest(Withdrawal.java:15)
at bankingapp.Withdrawal.beforeTest(Withdrawal.java:15)
at bankingapp.Withdrawal.beforeTest(Withdrawal.java:15)
at bankingapp.Withdrawal.beforeTest(Withdrawal.java:15)
at bankingapp.Withdrawal.beforeTest(Withdrawal.java:15)
at bankingapp.Withdrawal.beforeTest(Withdrawal.java:15)
at bankingapp.Withdrawal.beforeTest(Withdrawal.java:15)
at bankingapp.Withdrawal.beforeTest(Withdrawal.java:15)
at bankingapp.Withdrawal.beforeTest(Withdrawal.java:15)
at bankingapp.Withdrawal.beforeTest(Withdrawal.java:15)
at bankingapp.Withdrawal.beforeTest(Withdrawal.java:15)
at bankingapp.Withdrawal.beforeTest(Withdrawal.java:15)
at bankingapp.Withdrawal.beforeTest(Withdrawal.java:15)
at bankingapp.Withdrawal.beforeTest(Withdrawal.java:15)
at bankingapp.Withdrawal.beforeTest(Withdrawal.java:15)
at bankingapp.Withdrawal.beforeTest(Withdrawal.java:15)
]]>
    </error>
  </testcase> <!-- beforeTest -->
  <testcase name="deposit" time="0.000" classname="bankingapp.Withdrawal">
    <skipped/>
  </testcase> <!-- deposit -->
  <testcase name="withdra" time="0.000" classname="bankingapp.Withdrawal">
    <skipped/>
  </testcase> <!-- withdra -->
</testsuite> <!-- bankingapp.Withdrawal -->
