<?xml version="1.0" encoding="UTF-8"?>
<!-- Generated by org.testng.reporters.JUnitReportReporter -->
<testsuite skipped="0" hostname="DESKTOP-1IVA9MC" name="bankingapp.BankingTests" tests="3" failures="0" timestamp="2020-12-15T15:54:39 CAT" time="121.897" errors="0">
  <testcase name="singleDeposit" time="2.996" classname="bankingapp.BankingTests"/>
  <testcase name="multiDeposits" time="3.192" classname="bankingapp.BankingTests"/>
  <testcase name="depositAndWithdraw" time="115.709" classname="bankingapp.BankingTests"/>
</testsuite> <!-- bankingapp.BankingTests -->
